分类: 📺央视频道, 名称: CCTV-1, 有效: 6, IPv4: 146, IPv6: 0, 最小延迟: 446 ms, 最高速率: 2.16 M/s, 平均速率: 0.87 M/s, 最高分辨率: 1920x1080
分类: 📺央视频道, 名称: CCTV-2, 有效: 6, IPv4: 122, IPv6: 0, 最小延迟: 183 ms, 最高速率: 8.77 M/s, 平均速率: 4.24 M/s, 最高分辨率: 1920x1080
分类: 📺央视频道, 名称: CCTV-3, 有效: 6, IPv4: 119, IPv6: 0, 最小延迟: 118 ms, 最高速率: 3.39 M/s, 平均速率: 1.41 M/s, 最高分辨率: 1920x1080
分类: 📺央视频道, 名称: CCTV-4, 有效: 6, IPv4: 146, IPv6: 0, 最小延迟: 95 ms, 最高速率: 0.85 M/s, 平均速率: 0.68 M/s, 最高分辨率: 1920x1080
分类: 📺央视频道, 名称: CCTV-5, 有效: 6, IPv4: 133, IPv6: 0, 最小延迟: 140 ms, 最高速率: 9.61 M/s, 平均速率: 3.68 M/s, 最高分辨率: 1920x1080
分类: 📺央视频道, 名称: CCTV-5+, 有效: 5, IPv4: 93, IPv6: 0, 最小延迟: 200 ms, 最高速率: 9.66 M/s, 平均速率: 2.62 M/s, 最高分辨率: 1920x1080
分类: 📺央视频道, 名称: CCTV-6, 有效: 6, IPv4: 123, IPv6: 0, 最小延迟: 117 ms, 最高速率: 7.31 M/s, 平均速率: 2.91 M/s, 最高分辨率: 1920x1080
分类: 📺央视频道, 名称: CCTV-7, 有效: 6, IPv4: 120, IPv6: 0, 最小延迟: 117 ms, 最高速率: 6.43 M/s, 平均速率: 2.75 M/s, 最高分辨率: 1920x1080
分类: 📺央视频道, 名称: CCTV-8, 有效: 6, IPv4: 117, IPv6: 0, 最小延迟: 118 ms, 最高速率: 4.40 M/s, 平均速率: 1.87 M/s, 最高分辨率: 1920x1080
分类: 📺央视频道, 名称: CCTV-9, 有效: 6, IPv4: 115, IPv6: 0, 最小延迟: 93 ms, 最高速率: 9.77 M/s, 平均速率: 5.70 M/s, 最高分辨率: 1920x1080
分类: 📺央视频道, 名称: CCTV-10, 有效: 5, IPv4: 125, IPv6: 0, 最小延迟: 117 ms, 最高速率: 11.17 M/s, 平均速率: 4.36 M/s, 最高分辨率: 1920x1080
分类: 📺央视频道, 名称: CCTV-11, 有效: 6, IPv4: 102, IPv6: 0, 最小延迟: 207 ms, 最高速率: 7.67 M/s, 平均速率: 3.25 M/s, 最高分辨率: 1920x1080
分类: 📺央视频道, 名称: CCTV-12, 有效: 5, IPv4: 118, IPv6: 0, 最小延迟: 94 ms, 最高速率: 7.85 M/s, 平均速率: 2.24 M/s, 最高分辨率: 1920x1080
分类: 📺央视频道, 名称: CCTV-13, 有效: 6, IPv4: 126, IPv6: 0, 最小延迟: 178 ms, 最高速率: 8.77 M/s, 平均速率: 3.36 M/s, 最高分辨率: 1920x1080
分类: 📺央视频道, 名称: CCTV-14, 有效: 6, IPv4: 113, IPv6: 0, 最小延迟: 118 ms, 最高速率: 8.74 M/s, 平均速率: 3.93 M/s, 最高分辨率: 1920x1080
分类: 📺央视频道, 名称: CCTV-15, 有效: 7, IPv4: 109, IPv6: 0, 最小延迟: 93 ms, 最高速率: 6.73 M/s, 平均速率: 1.79 M/s, 最高分辨率: 1920x1080
分类: 📺央视频道, 名称: CCTV-16, 有效: 6, IPv4: 58, IPv6: 0, 最小延迟: 93 ms, 最高速率: 8.77 M/s, 平均速率: 4.49 M/s, 最高分辨率: 1920x1080
分类: 📺央视频道, 名称: CCTV-17, 有效: 5, IPv4: 87, IPv6: 0, 最小延迟: 145 ms, 最高速率: 0.92 M/s, 平均速率: 0.78 M/s, 最高分辨率: 1920x1080
分类: 📺央视频道, 名称: CETV-1, 有效: 4, IPv4: 41, IPv6: 0, 最小延迟: 141 ms, 最高速率: 6.74 M/s, 平均速率: 5.12 M/s, 最高分辨率: 1920x1080
分类: 📺央视频道, 名称: CETV-2, 有效: 4, IPv4: 24, IPv6: 0, 最小延迟: 145 ms, 最高速率: 6.74 M/s, 平均速率: 5.02 M/s, 最高分辨率: 1920x1080
分类: 📺央视频道, 名称: CETV-3, 有效: 0, IPv4: 4, IPv6: 0, 最小延迟: -1 ms, 最高速率: 0.00 M/s, 平均速率: 0.00 M/s, 最高分辨率: None
分类: 📺央视频道, 名称: CETV-4, 有效: 1, IPv4: 34, IPv6: 0, 最小延迟: 146 ms, 最高速率: 6.63 M/s, 平均速率: 6.63 M/s, 最高分辨率: 1920x1080
分类: 📡卫视频道, 名称: 香港卫视, 有效: 0, IPv4: 9, IPv6: 0, 最小延迟: -1 ms, 最高速率: 0.00 M/s, 平均速率: 0.00 M/s, 最高分辨率: None
分类: 📡卫视频道, 名称: 广东卫视, 有效: 5, IPv4: 108, IPv6: 0, 最小延迟: 343 ms, 最高速率: 5.46 M/s, 平均速率: 1.65 M/s, 最高分辨率: 1920x1080
分类: 📡卫视频道, 名称: 浙江卫视, 有效: 5, IPv4: 108, IPv6: 0, 最小延迟: 118 ms, 最高速率: 6.97 M/s, 平均速率: 1.96 M/s, 最高分辨率: 1920x1080
分类: 📡卫视频道, 名称: 湖南卫视, 有效: 5, IPv4: 113, IPv6: 0, 最小延迟: 144 ms, 最高速率: 5.45 M/s, 平均速率: 2.91 M/s, 最高分辨率: 3840x2160
分类: 📡卫视频道, 名称: 北京卫视, 有效: 5, IPv4: 100, IPv6: 0, 最小延迟: 118 ms, 最高速率: 0.94 M/s, 平均速率: 0.71 M/s, 最高分辨率: 1920x1080
分类: 📡卫视频道, 名称: 湖北卫视, 有效: 5, IPv4: 95, IPv6: 0, 最小延迟: 117 ms, 最高速率: 5.96 M/s, 平均速率: 1.93 M/s, 最高分辨率: 1920x1080
分类: 📡卫视频道, 名称: 黑龙江卫视, 有效: 4, IPv4: 76, IPv6: 0, 最小延迟: 119 ms, 最高速率: 1.71 M/s, 平均速率: 1.26 M/s, 最高分辨率: 1920x1080
分类: 📡卫视频道, 名称: 安徽卫视, 有效: 6, IPv4: 82, IPv6: 0, 最小延迟: 118 ms, 最高速率: 9.75 M/s, 平均速率: 2.35 M/s, 最高分辨率: 1920x1080
分类: 📡卫视频道, 名称: 重庆卫视, 有效: 4, IPv4: 83, IPv6: 0, 最小延迟: 118 ms, 最高速率: 2.76 M/s, 平均速率: 1.24 M/s, 最高分辨率: 1920x1080
分类: 📡卫视频道, 名称: 东方卫视, 有效: 7, IPv4: 81, IPv6: 0, 最小延迟: 93 ms, 最高速率: 6.96 M/s, 平均速率: 3.71 M/s, 最高分辨率: 1920x1080
分类: 📡卫视频道, 名称: 东南卫视, 有效: 5, IPv4: 71, IPv6: 0, 最小延迟: 200 ms, 最高速率: 1.32 M/s, 平均速率: 0.78 M/s, 最高分辨率: 1920x1080
分类: 📡卫视频道, 名称: 甘肃卫视, 有效: 3, IPv4: 53, IPv6: 0, 最小延迟: 119 ms, 最高速率: 0.79 M/s, 平均速率: 0.74 M/s, 最高分辨率: 1920x1080
分类: 📡卫视频道, 名称: 广西卫视, 有效: 4, IPv4: 58, IPv6: 0, 最小延迟: 116 ms, 最高速率: 7.31 M/s, 平均速率: 3.91 M/s, 最高分辨率: 1920x1080
分类: 📡卫视频道, 名称: 贵州卫视, 有效: 6, IPv4: 68, IPv6: 0, 最小延迟: 77 ms, 最高速率: 7.82 M/s, 平均速率: 4.52 M/s, 最高分辨率: 1920x1080
分类: 📡卫视频道, 名称: 海南卫视, 有效: 5, IPv4: 67, IPv6: 0, 最小延迟: 142 ms, 最高速率: 6.79 M/s, 平均速率: 4.06 M/s, 最高分辨率: 1920x1080
分类: 📡卫视频道, 名称: 河北卫视, 有效: 6, IPv4: 72, IPv6: 0, 最小延迟: 77 ms, 最高速率: 6.78 M/s, 平均速率: 1.92 M/s, 最高分辨率: 1920x1080
分类: 📡卫视频道, 名称: 河南卫视, 有效: 5, IPv4: 88, IPv6: 0, 最小延迟: 134 ms, 最高速率: 6.65 M/s, 平均速率: 2.17 M/s, 最高分辨率: 1920x1080
分类: 📡卫视频道, 名称: 吉林卫视, 有效: 5, IPv4: 81, IPv6: 0, 最小延迟: 117 ms, 最高速率: 7.03 M/s, 平均速率: 2.00 M/s, 最高分辨率: 1920x1080
分类: 📡卫视频道, 名称: 江苏卫视, 有效: 5, IPv4: 112, IPv6: 0, 最小延迟: 152 ms, 最高速率: 6.92 M/s, 平均速率: 3.26 M/s, 最高分辨率: 1920x1080
分类: 📡卫视频道, 名称: 江西卫视, 有效: 5, IPv4: 89, IPv6: 0, 最小延迟: 155 ms, 最高速率: 0.91 M/s, 平均速率: 0.73 M/s, 最高分辨率: 1920x1080
分类: 📡卫视频道, 名称: 辽宁卫视, 有效: 2, IPv4: 80, IPv6: 0, 最小延迟: 133 ms, 最高速率: 0.58 M/s, 平均速率: 0.57 M/s, 最高分辨率: 2247x3496
分类: 📡卫视频道, 名称: 内蒙古卫视, 有效: 0, IPv4: 43, IPv6: 0, 最小延迟: 142 ms, 最高速率: 1.52 M/s, 平均速率: 0.00 M/s, 最高分辨率: 1920x1080
分类: 📡卫视频道, 名称: 宁夏卫视, 有效: 4, IPv4: 53, IPv6: 0, 最小延迟: 146 ms, 最高速率: 6.77 M/s, 平均速率: 3.22 M/s, 最高分辨率: 1920x1080
分类: 📡卫视频道, 名称: 青海卫视, 有效: 6, IPv4: 55, IPv6: 0, 最小延迟: 94 ms, 最高速率: 2.86 M/s, 平均速率: 1.42 M/s, 最高分辨率: 1920x1080
分类: 📡卫视频道, 名称: 山东卫视, 有效: 3, IPv4: 79, IPv6: 0, 最小延迟: 122 ms, 最高速率: 1.16 M/s, 平均速率: 0.66 M/s, 最高分辨率: 1920x1080
分类: 📡卫视频道, 名称: 山西卫视, 有效: 2, IPv4: 39, IPv6: 0, 最小延迟: 93 ms, 最高速率: 1.52 M/s, 平均速率: 0.55 M/s, 最高分辨率: 1920x1080
分类: 📡卫视频道, 名称: 陕西卫视, 有效: 5, IPv4: 47, IPv6: 0, 最小延迟: 136 ms, 最高速率: 6.75 M/s, 平均速率: 5.95 M/s, 最高分辨率: 1920x1080
分类: 📡卫视频道, 名称: 四川卫视, 有效: 5, IPv4: 84, IPv6: 0, 最小延迟: 117 ms, 最高速率: 2.11 M/s, 平均速率: 1.08 M/s, 最高分辨率: 1920x1080
分类: 📡卫视频道, 名称: 深圳卫视, 有效: 2, IPv4: 77, IPv6: 0, 最小延迟: 152 ms, 最高速率: 5.77 M/s, 平均速率: 3.16 M/s, 最高分辨率: 1920x1080
分类: 📡卫视频道, 名称: 三沙卫视, 有效: 5, IPv4: 29, IPv6: 0, 最小延迟: 179 ms, 最高速率: 1.47 M/s, 平均速率: 0.68 M/s, 最高分辨率: 1920x1080
分类: 📡卫视频道, 名称: 天津卫视, 有效: 5, IPv4: 76, IPv6: 0, 最小延迟: 146 ms, 最高速率: 0.94 M/s, 平均速率: 0.77 M/s, 最高分辨率: 1920x1080
分类: 📡卫视频道, 名称: 西藏卫视, 有效: 3, IPv4: 43, IPv6: 0, 最小延迟: 216 ms, 最高速率: 1.27 M/s, 平均速率: 1.01 M/s, 最高分辨率: 1920x1080
分类: 📡卫视频道, 名称: 新疆卫视, 有效: 1, IPv4: 51, IPv6: 0, 最小延迟: 146 ms, 最高速率: 6.58 M/s, 平均速率: 0.74 M/s, 最高分辨率: 1920x1080
分类: 📡卫视频道, 名称: 云南卫视, 有效: 6, IPv4: 57, IPv6: 0, 最小延迟: 146 ms, 最高速率: 6.78 M/s, 平均速率: 1.77 M/s, 最高分辨率: 1920x1080
分类: ☘️广东频道, 名称: 广东珠江, 有效: 2, IPv4: 10, IPv6: 0, 最小延迟: 177 ms, 最高速率: 1.47 M/s, 平均速率: 0.85 M/s, 最高分辨率: 1920x1080
分类: ☘️广东频道, 名称: 广东体育, 有效: 2, IPv4: 14, IPv6: 0, 最小延迟: 145 ms, 最高速率: 1.47 M/s, 平均速率: 0.98 M/s, 最高分辨率: 1920x1080
分类: ☘️广东频道, 名称: 广东新闻, 有效: 0, IPv4: 5, IPv6: 0, 最小延迟: 462 ms, 最高速率: 0.12 M/s, 平均速率: 0.00 M/s, 最高分辨率: None
分类: ☘️广东频道, 名称: 广东民生, 有效: 0, IPv4: 5, IPv6: 0, 最小延迟: 462 ms, 最高速率: 0.02 M/s, 平均速率: 0.00 M/s, 最高分辨率: 1920x1080
分类: ☘️广东频道, 名称: 大湾区卫视, 有效: 2, IPv4: 30, IPv6: 0, 最小延迟: 457 ms, 最高速率: 0.90 M/s, 平均速率: 0.80 M/s, 最高分辨率: 1920x1080
分类: ☘️广东频道, 名称: 广州综合, 有效: 6, IPv4: 12, IPv6: 0, 最小延迟: 449 ms, 最高速率: 0.56 M/s, 平均速率: 0.44 M/s, 最高分辨率: 1280x720
分类: ☘️广东频道, 名称: 广州影视, 有效: 0, IPv4: 4, IPv6: 0, 最小延迟: -1 ms, 最高速率: 0.00 M/s, 平均速率: 0.00 M/s, 最高分辨率: None
分类: ☘️广东频道, 名称: 汕头综合, 有效: 0, IPv4: 2, IPv6: 0, 最小延迟: -1 ms, 最高速率: 0.00 M/s, 平均速率: 0.00 M/s, 最高分辨率: None
分类: ☘️广东频道, 名称: 广州竞赛, 有效: 1, IPv4: 3, IPv6: 0, 最小延迟: 404 ms, 最高速率: 10.97 M/s, 平均速率: 10.97 M/s, 最高分辨率: 1280x720
分类: ☘️广东频道, 名称: 佛山综合, 有效: 0, IPv4: 1, IPv6: 0, 最小延迟: -1 ms, 最高速率: 0.00 M/s, 平均速率: 0.00 M/s, 最高分辨率: None
